Using pre-set license
Built from '2020.3/staging' branch; Version is '2020.3.38f1 (8f5fde82e2dc) revision 9396190'; Using compiler version '192528614'; Build Type 'Release'
OS: 'Windows 10  (10.0.19043) 64bit Professional' Language: 'en' Physical Memory: 16306 MB
BatchMode: 1, IsHumanControllingUs: 0, StartBugReporterOnCrash: 0, Is64bit: 1, IsPro: 0

COMMAND LINE ARGUMENTS:
E:\Installed Softs\2020.3.38f1\Editor\Unity.exe
-adb2
-batchMode
-noUpm
-name
AssetImportWorker0
-projectPath
E:/Workspace/Unity/AdmobUnityPlugin
-logFile
Logs/AssetImportWorker0.log
-srvPort
55718
Successfully changed project path to: E:/Workspace/Unity/AdmobUnityPlugin
E:/Workspace/Unity/AdmobUnityPlugin
Using Asset Import Pipeline V2.
Refreshing native plugins compatible for Editor in 97.42 ms, found 3 plugins.
Preloading 0 native plugins for Editor in 0.00 ms.
Initialize engine version: 2020.3.38f1 (8f5fde82e2dc)
[Subsystems] Discovering subsystems at path E:/Installed Softs/2020.3.38f1/Editor/Data/Resources/UnitySubsystems
[Subsystems] Discovering subsystems at path E:/Workspace/Unity/AdmobUnityPlugin/Assets
GfxDevice: creating device client; threaded=0
Direct3D:
    Version:  Direct3D 11.0 [level 11.1]
    Renderer: NVIDIA GeForce GTX 1050 Ti (ID=0x1c82)
    Vendor:   
    VRAM:     4018 MB
    Driver:   30.0.15.1215
Initialize mono
Mono path[0] = 'E:/Installed Softs/2020.3.38f1/Editor/Data/Managed'
Mono path[1] = 'E:/Installed Softs/2020.3.38f1/Editor/Data/MonoBleedingEdge/lib/mono/unityjit'
Mono config path = 'E:/Installed Softs/2020.3.38f1/Editor/Data/MonoBleedingEdge/etc'
Using monoOptions --debugger-agent=transport=dt_socket,embedding=1,server=y,suspend=n,address=127.0.0.1:56316
Begin MonoManager ReloadAssembly
Registering precompiled unity dll's ...
Register platform support module: E:/Installed Softs/2020.3.38f1/Editor/Data/PlaybackEngines/WindowsStandaloneSupport/UnityEditor.WindowsStandalone.Extensions.dll
Registered in 0.002248 seconds.
Native extension for WindowsStandalone target not found
Refreshing native plugins compatible for Editor in 64.64 ms, found 3 plugins.
Preloading 0 native plugins for Editor in 0.00 ms.
Mono: successfully reloaded assembly
- Completed reload, in  1.054 seconds
Domain Reload Profiling:
	ReloadAssembly (1055ms)
		BeginReloadAssembly (133ms)
			ExecutionOrderSort (0ms)
			DisableScriptedObjects (0ms)
			BackupInstance (0ms)
			ReleaseScriptingObjects (0ms)
			CreateAndSetChildDomain (1ms)
		EndReloadAssembly (823ms)
			LoadAssemblies (135ms)
			RebuildTransferFunctionScriptingTraits (0ms)
			SetupTypeCache (250ms)
			ReleaseScriptCaches (0ms)
			RebuildScriptCaches (46ms)
			SetupLoadedEditorAssemblies (340ms)
				LogAssemblyErrors (0ms)
				InitializePlatformSupportModulesInManaged (6ms)
				SetLoadedEditorAssemblies (0ms)
				RefreshPlugins (65ms)
				BeforeProcessingInitializeOnLoad (29ms)
				ProcessInitializeOnLoadAttributes (159ms)
				ProcessInitializeOnLoadMethodAttributes (80ms)
				AfterProcessingInitializeOnLoad (0ms)
				EditorAssembliesLoaded (1ms)
			ExecutionOrderSort2 (0ms)
			AwakeInstancesAfterBackupRestoration (0ms)
Platform modules already initialized, skipping
Registering precompiled user dll's ...
Registered in 0.033743 seconds.
Begin MonoManager ReloadAssembly
Native extension for WindowsStandalone target not found
Refreshing native plugins compatible for Editor in 64.06 ms, found 3 plugins.
Preloading 0 native plugins for Editor in 0.00 ms.
Mono: successfully reloaded assembly
- Completed reload, in  1.981 seconds
Domain Reload Profiling:
	ReloadAssembly (1983ms)
		BeginReloadAssembly (302ms)
			ExecutionOrderSort (0ms)
			DisableScriptedObjects (10ms)
			BackupInstance (0ms)
			ReleaseScriptingObjects (0ms)
			CreateAndSetChildDomain (30ms)
		EndReloadAssembly (1587ms)
			LoadAssemblies (231ms)
			RebuildTransferFunctionScriptingTraits (0ms)
			SetupTypeCache (520ms)
			ReleaseScriptCaches (1ms)
			RebuildScriptCaches (64ms)
			SetupLoadedEditorAssemblies (597ms)
				LogAssemblyErrors (0ms)
				InitializePlatformSupportModulesInManaged (3ms)
				SetLoadedEditorAssemblies (0ms)
				RefreshPlugins (64ms)
				BeforeProcessingInitializeOnLoad (131ms)
				ProcessInitializeOnLoadAttributes (333ms)
				ProcessInitializeOnLoadMethodAttributes (54ms)
				AfterProcessingInitializeOnLoad (10ms)
				EditorAssembliesLoaded (0ms)
			ExecutionOrderSort2 (0ms)
			AwakeInstancesAfterBackupRestoration (2ms)
Platform modules already initialized, skipping
========================================================================
Worker process is ready to serve import requests
Launched and connected shader compiler UnityShaderCompiler.exe after 0.08 seconds
Refreshing native plugins compatible for Editor in 1.79 ms, found 3 plugins.
Preloading 0 native plugins for Editor in 0.00 ms.
Unloading 2302 Unused Serialized files (Serialized files now loaded: 0)
System memory in use before: 100.1 MB.
System memory in use after: 100.2 MB.

Unloading 97 unused Assets to reduce memory usage. Loaded Objects now: 2682.
Total: 3.969600 ms (FindLiveObjects: 0.264300 ms CreateObjectMapping: 0.147400 ms MarkObjects: 3.451800 ms  DeleteObjects: 0.104800 ms)

AssetImportParameters requested are different than current active one (requested -> active):
  custom:framework-win-MediaFoundation: 216162199b28c13a410421893ffa2e32 -> 
  custom:video-decoder-ogg-theora: a1e56fd34408186e4bbccfd4996cb3dc -> 
  custom:container-muxer-webm: aa71ff27fc2769a1b78a27578f13a17b -> 
  custom:container-demuxer-webm: 4f35f7cbe854078d1ac9338744f61a02 -> 
  custom:container-demuxer-ogg: 62fdf1f143b41e24485cea50d1cbac27 -> 
  custom:video-encoder-webm-vp8: eb34c28f22e8b96e1ab97ce403110664 -> 
  custom:video-decoder-webm-vp8: 9c59270c3fd7afecdb556c50c9e8de78 -> 
  custom:audio-decoder-ogg-vorbis: bf7c407c2cedff20999df2af8eb42d56 -> 
  custom:audio-encoder-webm-vorbis: bf7c407c2cedff20999df2af8eb42d56 -> 
========================================================================
Received Import Request.
  path: Assets/GoogleMobileAds/Platforms/Android/Mediation/UnityAds
  artifactKey: Guid(5f42e264e1c014f02b54095bbffa5a1b) Importer(815301076,1909f56bfc062723c751e8b465ee728b)
Start importing Assets/GoogleMobileAds/Platforms/Android/Mediation/UnityAds using Guid(5f42e264e1c014f02b54095bbffa5a1b) Importer(815301076,1909f56bfc062723c751e8b465ee728b)  -> (artifact id: '0d383076fbaee8ed08dc3270871c4f5b') in 0.016089 seconds 
========================================================================
Received Import Request.
  Time since last request: 0.142481 seconds.
  path: Assets/GoogleMobileAds/Platforms/Android/Mediation
  artifactKey: Guid(9172fc0115b0b45929c73b0411405fa9) Importer(815301076,1909f56bfc062723c751e8b465ee728b)
Start importing Assets/GoogleMobileAds/Platforms/Android/Mediation using Guid(9172fc0115b0b45929c73b0411405fa9) Importer(815301076,1909f56bfc062723c751e8b465ee728b)  -> (artifact id: '6c4f5bb4b48cb8a2d5df31a92b28e276') in 0.008843 seconds 
========================================================================
Received Import Request.
  Time since last request: 0.017352 seconds.
  path: Assets/Plugins/Android/androidx.lifecycle.lifecycle-process-2.4.1.aar
  artifactKey: Guid(ff4942483906948409571217f3203f3c) Importer(815301076,1909f56bfc062723c751e8b465ee728b)
Start importing Assets/Plugins/Android/androidx.lifecycle.lifecycle-process-2.4.1.aar using Guid(ff4942483906948409571217f3203f3c) Importer(815301076,1909f56bfc062723c751e8b465ee728b)  -> (artifact id: '62ccc24fe4d17a1da599a170f92039a3') in 0.049316 seconds 
========================================================================
Received Import Request.
  Time since last request: 0.173620 seconds.
  path: Assets/Plugins/Android/androidx.startup.startup-runtime-1.1.1.aar
  artifactKey: Guid(a7640924de8e8174cb7f986eb5ca1508) Importer(815301076,1909f56bfc062723c751e8b465ee728b)
Start importing Assets/Plugins/Android/androidx.startup.startup-runtime-1.1.1.aar using Guid(a7640924de8e8174cb7f986eb5ca1508) Importer(815301076,1909f56bfc062723c751e8b465ee728b)  -> (artifact id: 'e70af8ad4c1234ca41d215a337c17a7e') in 0.009061 seconds 
========================================================================
Received Import Request.
  Time since last request: 0.033145 seconds.
  path: Assets/GoogleMobileAds/Common/Mediation/UnityAds/IUnityAdsClient.cs
  artifactKey: Guid(6198fac152078472d9a1e4565b028cd7) Importer(815301076,1909f56bfc062723c751e8b465ee728b)
Start importing Assets/GoogleMobileAds/Common/Mediation/UnityAds/IUnityAdsClient.cs using Guid(6198fac152078472d9a1e4565b028cd7) Importer(815301076,1909f56bfc062723c751e8b465ee728b)  -> (artifact id: 'e62c69d2d482691361422777e4801b4e') in 0.013026 seconds 
========================================================================
Received Import Request.
  Time since last request: 0.022818 seconds.
  path: Assets/GoogleMobileAds/Common/Mediation/UnityAds
  artifactKey: Guid(b8241a78e33cc4cebb7fb009d73a6d42) Importer(815301076,1909f56bfc062723c751e8b465ee728b)
Start importing Assets/GoogleMobileAds/Common/Mediation/UnityAds using Guid(b8241a78e33cc4cebb7fb009d73a6d42) Importer(815301076,1909f56bfc062723c751e8b465ee728b)  -> (artifact id: 'e2568ecbdeb67fc312abd73d4ba1cfa3') in 0.004004 seconds 
========================================================================
Received Import Request.
  Time since last request: 0.007861 seconds.
  path: Assets/Plugins/Android/com.google.android.gms.play-services-ads-base-21.2.0.aar
  artifactKey: Guid(368ade1e0821e874ba510a3891dbaee6) Importer(815301076,1909f56bfc062723c751e8b465ee728b)
Start importing Assets/Plugins/Android/com.google.android.gms.play-services-ads-base-21.2.0.aar using Guid(368ade1e0821e874ba510a3891dbaee6) Importer(815301076,1909f56bfc062723c751e8b465ee728b)  -> (artifact id: 'ca29fed3ac3679fafd143801b82ec4e4') in 0.009210 seconds 
========================================================================
Received Import Request.
  Time since last request: 0.095585 seconds.
  path: Assets/GoogleMobileAds/Api/Mediation
  artifactKey: Guid(08156fcb5ded049fca430ff00bd7fb51) Importer(815301076,1909f56bfc062723c751e8b465ee728b)
Start importing Assets/GoogleMobileAds/Api/Mediation using Guid(08156fcb5ded049fca430ff00bd7fb51) Importer(815301076,1909f56bfc062723c751e8b465ee728b)  -> (artifact id: '4f4408f1d8064828c0c4e4ac57ee7820') in 0.003090 seconds 
========================================================================
Received Import Request.
  Time since last request: 0.048129 seconds.
  path: Assets/GoogleMobileAds/Platforms/iOS
  artifactKey: Guid(a3b93a98a022e4c4d87986cb4233e1b1) Importer(815301076,1909f56bfc062723c751e8b465ee728b)
Start importing Assets/GoogleMobileAds/Platforms/iOS using Guid(a3b93a98a022e4c4d87986cb4233e1b1) Importer(815301076,1909f56bfc062723c751e8b465ee728b)  -> (artifact id: '9fb0d3150971859ec22c134c8d375dda') in 0.007774 seconds 
========================================================================
Received Import Request.
  Time since last request: 0.082981 seconds.
  path: Assets/GoogleMobileAds/Platforms/iOS/Mediation/UnityAds/UnityAdsClient.cs
  artifactKey: Guid(ec9b8664065c14666a1737bc05fa2bc0) Importer(815301076,1909f56bfc062723c751e8b465ee728b)
Start importing Assets/GoogleMobileAds/Platforms/iOS/Mediation/UnityAds/UnityAdsClient.cs using Guid(ec9b8664065c14666a1737bc05fa2bc0) Importer(815301076,1909f56bfc062723c751e8b465ee728b)  -> (artifact id: '38e91e071edbfd8b5e016e830e8bed07') in 0.011373 seconds 
========================================================================
Received Import Request.
  Time since last request: 0.017133 seconds.
  path: Assets/GoogleMobileAds/Editor/UnityMediationDependencies.xml
  artifactKey: Guid(f8f900890ea804b31a78aff8ddb4cc66) Importer(815301076,1909f56bfc062723c751e8b465ee728b)
Start importing Assets/GoogleMobileAds/Editor/UnityMediationDependencies.xml using Guid(f8f900890ea804b31a78aff8ddb4cc66) Importer(815301076,1909f56bfc062723c751e8b465ee728b)  -> (artifact id: '9d04655b4d28ccaea50ec8865c59db3c') in 0.019711 seconds 
========================================================================
Received Import Request.
  Time since last request: 0.006273 seconds.
  path: Assets/GoogleMobileAds/Platforms/iOS/Mediation
  artifactKey: Guid(07679ed2adea549af9a24d1d32ec9286) Importer(815301076,1909f56bfc062723c751e8b465ee728b)
Start importing Assets/GoogleMobileAds/Platforms/iOS/Mediation using Guid(07679ed2adea549af9a24d1d32ec9286) Importer(815301076,1909f56bfc062723c751e8b465ee728b)  -> (artifact id: '8e295357b851f849bc9c7c4fcd43f37a') in 0.003686 seconds 
========================================================================
Received Import Request.
  Time since last request: 0.016661 seconds.
  path: Assets/Plugins/Android/com.google.android.gms.play-services-ads-lite-21.2.0.aar
  artifactKey: Guid(22371c70f7bf0ad49b3444ba88e53d7c) Importer(815301076,1909f56bfc062723c751e8b465ee728b)
Start importing Assets/Plugins/Android/com.google.android.gms.play-services-ads-lite-21.2.0.aar using Guid(22371c70f7bf0ad49b3444ba88e53d7c) Importer(815301076,1909f56bfc062723c751e8b465ee728b)  -> (artifact id: 'e48eeecde8be7af29bb2f54fbd003bd3') in 0.008441 seconds 
========================================================================
Received Import Request.
  Time since last request: 0.027312 seconds.
  path: Assets/Plugins/Android/com.unity3d.ads.unity-ads-4.3.0.aar
  artifactKey: Guid(792a1b2f00d72f947a42b5caafc564bc) Importer(815301076,1909f56bfc062723c751e8b465ee728b)
Start importing Assets/Plugins/Android/com.unity3d.ads.unity-ads-4.3.0.aar using Guid(792a1b2f00d72f947a42b5caafc564bc) Importer(815301076,1909f56bfc062723c751e8b465ee728b)  -> (artifact id: 'a9397fd5f569395610165049b7c86595') in 0.008672 seconds 
========================================================================
Received Import Request.
  Time since last request: 0.004810 seconds.
  path: Assets/GoogleMobileAds/Platforms/Mediation
  artifactKey: Guid(039da0ec461114329a675583e6dd069c) Importer(815301076,1909f56bfc062723c751e8b465ee728b)
Start importing Assets/GoogleMobileAds/Platforms/Mediation using Guid(039da0ec461114329a675583e6dd069c) Importer(815301076,1909f56bfc062723c751e8b465ee728b)  -> (artifact id: '22ea52e2029320f1b36f203efae69ae0') in 0.003714 seconds 
========================================================================
Received Import Request.
  Time since last request: 0.013932 seconds.
  path: Assets/GoogleMobileAds/Platforms/Mediation/UnityAdsClientFactory.cs
  artifactKey: Guid(e0735edcd2cb14762811a3f496fb9ae3) Importer(815301076,1909f56bfc062723c751e8b465ee728b)
Start importing Assets/GoogleMobileAds/Platforms/Mediation/UnityAdsClientFactory.cs using Guid(e0735edcd2cb14762811a3f496fb9ae3) Importer(815301076,1909f56bfc062723c751e8b465ee728b)  -> (artifact id: '5592c66d4a28320fe8f9702224f17ef8') in 0.007913 seconds 
========================================================================
Received Import Request.
  Time since last request: 0.021026 seconds.
  path: Assets/AdsPackage/Test.unity
  artifactKey: Guid(70cbe5e236b62654790ab7b0ce9d5848) Importer(815301076,1909f56bfc062723c751e8b465ee728b)
Start importing Assets/AdsPackage/Test.unity using Guid(70cbe5e236b62654790ab7b0ce9d5848) Importer(815301076,1909f56bfc062723c751e8b465ee728b)  -> (artifact id: '35b92aef9ddd6121c48e3dfac43aeaa8') in 0.007696 seconds 
========================================================================
Received Import Request.
  Time since last request: 0.208419 seconds.
  path: Assets/Plugins/Android/androidx.annotation.annotation-1.3.0.jar
  artifactKey: Guid(a01e1159475e81546838bf1167abb44c) Importer(815301076,1909f56bfc062723c751e8b465ee728b)
Start importing Assets/Plugins/Android/androidx.annotation.annotation-1.3.0.jar using Guid(a01e1159475e81546838bf1167abb44c) Importer(815301076,1909f56bfc062723c751e8b465ee728b)  -> (artifact id: '90107e6a6719bf2086bf43b344079d69') in 0.013275 seconds 
========================================================================
Received Import Request.
  Time since last request: 0.047886 seconds.
  path: Assets/GoogleMobileAds/Api/Mediation/UnityAds
  artifactKey: Guid(e06a8ce1174d44d2c82212b335dc8907) Importer(815301076,1909f56bfc062723c751e8b465ee728b)
Start importing Assets/GoogleMobileAds/Api/Mediation/UnityAds using Guid(e06a8ce1174d44d2c82212b335dc8907) Importer(815301076,1909f56bfc062723c751e8b465ee728b)  -> (artifact id: 'ac9e901d4c30b7e8b9bf211346deef6e') in 0.002565 seconds 
========================================================================
Received Import Request.
  Time since last request: 0.044374 seconds.
  path: Assets/GoogleMobileAds/Platforms/Android/Mediation/UnityAds/UnityAdsClient.cs
  artifactKey: Guid(c98936878987344338357027692b2499) Importer(815301076,1909f56bfc062723c751e8b465ee728b)
Start importing Assets/GoogleMobileAds/Platforms/Android/Mediation/UnityAds/UnityAdsClient.cs using Guid(c98936878987344338357027692b2499) Importer(815301076,1909f56bfc062723c751e8b465ee728b)  -> (artifact id: 'c3f0d0e59e79639daa58d118461616f5') in 0.002760 seconds 
========================================================================
Received Import Request.
  Time since last request: 0.007297 seconds.
  path: Assets/Plugins/Android/androidx.concurrent.concurrent-futures-1.0.0.jar
  artifactKey: Guid(117172ed068307e4ba028835d52eddf2) Importer(815301076,1909f56bfc062723c751e8b465ee728b)
Start importing Assets/Plugins/Android/androidx.concurrent.concurrent-futures-1.0.0.jar using Guid(117172ed068307e4ba028835d52eddf2) Importer(815301076,1909f56bfc062723c751e8b465ee728b)  -> (artifact id: '800580de39dfd8c16e8a9df3e516d527') in 0.007666 seconds 
========================================================================
Received Import Request.
  Time since last request: 0.007895 seconds.
  path: Assets/GoogleMobileAds/Api/Mediation/UnityAds/UnityAds.cs
  artifactKey: Guid(c4507aa403d4b46e581efaffd089125b) Importer(815301076,1909f56bfc062723c751e8b465ee728b)
Start importing Assets/GoogleMobileAds/Api/Mediation/UnityAds/UnityAds.cs using Guid(c4507aa403d4b46e581efaffd089125b) Importer(815301076,1909f56bfc062723c751e8b465ee728b)  -> (artifact id: 'cc5cddc1d7f75b3153c2543785fd3fc6') in 0.002774 seconds 
========================================================================
Received Import Request.
  Time since last request: 0.009205 seconds.
  path: Assets/Plugins/Android/com.facebook.android.audience-network-sdk-6.11.0.aar
  artifactKey: Guid(8cd0f18d976878d47b5175a65556f827) Importer(815301076,1909f56bfc062723c751e8b465ee728b)
Start importing Assets/Plugins/Android/com.facebook.android.audience-network-sdk-6.11.0.aar using Guid(8cd0f18d976878d47b5175a65556f827) Importer(815301076,1909f56bfc062723c751e8b465ee728b)  -> (artifact id: '88a0fbd818b9199a359025a3f93c0355') in 0.008437 seconds 
========================================================================
Received Import Request.
  Time since last request: 0.005103 seconds.
  path: Assets/GoogleMobileAds/Platforms
  artifactKey: Guid(a4a34fd95c5184a27bc1598e733b3fab) Importer(815301076,1909f56bfc062723c751e8b465ee728b)
Start importing Assets/GoogleMobileAds/Platforms using Guid(a4a34fd95c5184a27bc1598e733b3fab) Importer(815301076,1909f56bfc062723c751e8b465ee728b)  -> (artifact id: '88cd9920b8c3fe062b8d62d7473c5865') in 0.007105 seconds 
========================================================================
Received Import Request.
  Time since last request: 0.109421 seconds.
  path: Assets/GoogleMobileAds/Common/Mediation
  artifactKey: Guid(25655e09c5d2c4040be51c31ea73e07b) Importer(815301076,1909f56bfc062723c751e8b465ee728b)
Start importing Assets/GoogleMobileAds/Common/Mediation using Guid(25655e09c5d2c4040be51c31ea73e07b) Importer(815301076,1909f56bfc062723c751e8b465ee728b)  -> (artifact id: 'a70f131f4af24fd0051befdadb0ad3ee') in 0.003026 seconds 
========================================================================
Received Import Request.
  Time since last request: 0.027471 seconds.
  path: Assets/GoogleMobileAds/Editor/MetaAudienceNetworkMediationDependencies.xml
  artifactKey: Guid(b8ba0c5da653342f1a0b89471b06a287) Importer(815301076,1909f56bfc062723c751e8b465ee728b)
Start importing Assets/GoogleMobileAds/Editor/MetaAudienceNetworkMediationDependencies.xml using Guid(b8ba0c5da653342f1a0b89471b06a287) Importer(815301076,1909f56bfc062723c751e8b465ee728b)  -> (artifact id: 'd7b46a3f95d0310fef3e9905cb7c7651') in 0.007398 seconds 
========================================================================
Received Import Request.
  Time since last request: 0.011080 seconds.
  path: Assets/GoogleMobileAds/Platforms/Android
  artifactKey: Guid(a59104293112c4954af304b7e5a9a4b9) Importer(815301076,1909f56bfc062723c751e8b465ee728b)
Start importing Assets/GoogleMobileAds/Platforms/Android using Guid(a59104293112c4954af304b7e5a9a4b9) Importer(815301076,1909f56bfc062723c751e8b465ee728b)  -> (artifact id: '68f8e7950a79c2c505c33edb95d03820') in 0.007722 seconds 
========================================================================
Received Import Request.
  Time since last request: 0.116866 seconds.
  path: Assets/Plugins/Android/androidx.work.work-runtime-2.7.0.aar
  artifactKey: Guid(6880d29f68e2ff54ea9b9c2f9d3398df) Importer(815301076,1909f56bfc062723c751e8b465ee728b)
Start importing Assets/Plugins/Android/androidx.work.work-runtime-2.7.0.aar using Guid(6880d29f68e2ff54ea9b9c2f9d3398df) Importer(815301076,1909f56bfc062723c751e8b465ee728b)  -> (artifact id: 'd620dc86f151d62fe8bb95a7043dff3d') in 0.008672 seconds 
========================================================================
Received Import Request.
  Time since last request: 0.026757 seconds.
  path: Assets/Plugins/Android/com.google.ads.mediation.unity-4.3.0.0.aar
  artifactKey: Guid(ec7199423594d604581b8969be09d383) Importer(815301076,1909f56bfc062723c751e8b465ee728b)
Start importing Assets/Plugins/Android/com.google.ads.mediation.unity-4.3.0.0.aar using Guid(ec7199423594d604581b8969be09d383) Importer(815301076,1909f56bfc062723c751e8b465ee728b)  -> (artifact id: '48cf000b9ab87299aef593f7f6b4d064') in 0.009102 seconds 
========================================================================
Received Import Request.
  Time since last request: 0.039099 seconds.
  path: Assets/Plugins/iOS/GADUMUnityAdsInterface.m
  artifactKey: Guid(8d905e1f5a0d04ed281ce21e5d30f838) Importer(815301076,1909f56bfc062723c751e8b465ee728b)
Start importing Assets/Plugins/iOS/GADUMUnityAdsInterface.m using Guid(8d905e1f5a0d04ed281ce21e5d30f838) Importer(815301076,1909f56bfc062723c751e8b465ee728b)  -> (artifact id: '1f320eb5a9af495cee39163270d4769a') in 0.010264 seconds 
========================================================================
Received Import Request.
  Time since last request: 0.004453 seconds.
  path: Assets/GoogleMobileAds/Platforms/iOS/Mediation/UnityAds
  artifactKey: Guid(32f6f288376ef4678ace88ab9c1554bf) Importer(815301076,1909f56bfc062723c751e8b465ee728b)
Start importing Assets/GoogleMobileAds/Platforms/iOS/Mediation/UnityAds using Guid(32f6f288376ef4678ace88ab9c1554bf) Importer(815301076,1909f56bfc062723c751e8b465ee728b)  -> (artifact id: '39db044faf2423fe256b68bcc9663c02') in 0.003398 seconds 
========================================================================
Received Import Request.
  Time since last request: 0.097595 seconds.
  path: Assets/Plugins/Android/com.google.android.gms.play-services-ads-21.2.0.aar
  artifactKey: Guid(4e500804993e038488c4780b5ad2f52c) Importer(815301076,1909f56bfc062723c751e8b465ee728b)
Start importing Assets/Plugins/Android/com.google.android.gms.play-services-ads-21.2.0.aar using Guid(4e500804993e038488c4780b5ad2f52c) Importer(815301076,1909f56bfc062723c751e8b465ee728b)  -> (artifact id: '894d3436c4bcf616c378b87522b6dd86') in 0.011032 seconds 
========================================================================
Received Import Request.
  Time since last request: 0.304371 seconds.
  path: Assets/AdsPackage/AdsManager.cs
  artifactKey: Guid(5407fe424fcfe664283d6db453143bfa) Importer(815301076,1909f56bfc062723c751e8b465ee728b)
Start importing Assets/AdsPackage/AdsManager.cs using Guid(5407fe424fcfe664283d6db453143bfa) Importer(815301076,1909f56bfc062723c751e8b465ee728b)  -> (artifact id: '3a698599dd7ce180427d226dfc1a919a') in 0.007876 seconds 
========================================================================
Received Import Request.
  Time since last request: 0.015332 seconds.
  path: Assets/Plugins/Android/com.google.ads.mediation.facebook-6.11.0.1.aar
  artifactKey: Guid(fbd477905d2b20b4b9b4be3321f19100) Importer(815301076,1909f56bfc062723c751e8b465ee728b)
Start importing Assets/Plugins/Android/com.google.ads.mediation.facebook-6.11.0.1.aar using Guid(fbd477905d2b20b4b9b4be3321f19100) Importer(815301076,1909f56bfc062723c751e8b465ee728b)  -> (artifact id: '4258a3dd548aa9909fa25845379acab0') in 0.007760 seconds 
========================================================================
Received Import Request.
  Time since last request: 0.039665 seconds.
  path: Assets/Plugins/Android/androidx.browser.browser-1.4.0.aar
  artifactKey: Guid(517130da2e3e4c44295f2bc85e8ef593) Importer(815301076,1909f56bfc062723c751e8b465ee728b)
Start importing Assets/Plugins/Android/androidx.browser.browser-1.4.0.aar using Guid(517130da2e3e4c44295f2bc85e8ef593) Importer(815301076,1909f56bfc062723c751e8b465ee728b)  -> (artifact id: 'c45000ed51a6b5110859277324eaf8a1') in 0.009533 seconds 
========================================================================
Received Import Request.
  Time since last request: 0.314983 seconds.
  path: Assets/GoogleMobileAds/Platforms/iOS/Mediation/UnityAds/Externs.cs
  artifactKey: Guid(cec7e68a8408c45218e12932e45d8c60) Importer(815301076,1909f56bfc062723c751e8b465ee728b)
Start importing Assets/GoogleMobileAds/Platforms/iOS/Mediation/UnityAds/Externs.cs using Guid(cec7e68a8408c45218e12932e45d8c60) Importer(815301076,1909f56bfc062723c751e8b465ee728b)  -> (artifact id: 'fff13ec62a0f268a64ad8c1a66d68e20') in 0.007114 seconds 
========================================================================
Received Import Request.
  Time since last request: 0.083993 seconds.
  path: Assets/GoogleMobileAds/Common
  artifactKey: Guid(c5199e0fac9784707a4fdc3a4a00d9f7) Importer(815301076,1909f56bfc062723c751e8b465ee728b)
Start importing Assets/GoogleMobileAds/Common using Guid(c5199e0fac9784707a4fdc3a4a00d9f7) Importer(815301076,1909f56bfc062723c751e8b465ee728b)  -> (artifact id: 'c1d7acd753b3e482218892987ff8ca66') in 0.007497 seconds 
========================================================================
Received Import Request.
  Time since last request: 0.006804 seconds.
  path: Assets/Plugins/Android/androidx.collection.collection-1.1.0.jar
  artifactKey: Guid(dcf31d7695be3f94c8d3e3e086d1c434) Importer(815301076,1909f56bfc062723c751e8b465ee728b)
Start importing Assets/Plugins/Android/androidx.collection.collection-1.1.0.jar using Guid(dcf31d7695be3f94c8d3e3e086d1c434) Importer(815301076,1909f56bfc062723c751e8b465ee728b)  -> (artifact id: '9be3898b6132b39e5e8b38e392b08d83') in 0.007873 seconds 
========================================================================
Received Import Request.
  Time since last request: 0.014187 seconds.
  path: Assets/GoogleMobileAds/Common/Mediation/UnityAds/DummyClient.cs
  artifactKey: Guid(6a8cdf5ebecd2467eb26aaaa539246c9) Importer(815301076,1909f56bfc062723c751e8b465ee728b)
Start importing Assets/GoogleMobileAds/Common/Mediation/UnityAds/DummyClient.cs using Guid(6a8cdf5ebecd2467eb26aaaa539246c9) Importer(815301076,1909f56bfc062723c751e8b465ee728b)  -> (artifact id: 'edbd0412742bd2ad41164a9ade55883c') in 0.006918 seconds 
========================================================================
Received Import Request.
  Time since last request: 0.033232 seconds.
  path: Assets/GoogleMobileAds/Api
  artifactKey: Guid(e2e76afa0038c4da79286c53c395a3ef) Importer(815301076,1909f56bfc062723c751e8b465ee728b)
Start importing Assets/GoogleMobileAds/Api using Guid(e2e76afa0038c4da79286c53c395a3ef) Importer(815301076,1909f56bfc062723c751e8b465ee728b)  -> (artifact id: 'd3c8c33936e5aedc12fbb7ad3d4fc224') in 0.007583 seconds 
